0 info it worked if it ends with ok
1 verbose cli [ '/usr/bin/node', '/usr/bin/npm', 'run', 'server' ]
2 info using npm@3.5.2
3 info using node@v8.10.0
4 verbose run-script [ 'preserver', 'server', 'postserver' ]
5 info lifecycle TokenPool@1.4.0~preserver: TokenPool@1.4.0
6 silly lifecycle TokenPool@1.4.0~preserver: no script for preserver, continuing
7 info lifecycle TokenPool@1.4.0~server: TokenPool@1.4.0
8 verbose lifecycle TokenPool@1.4.0~server: unsafe-perm in lifecycle true
9 verbose lifecycle TokenPool@1.4.0~server: PATH: /usr/share/npm/bin/node-gyp-bin:/home/dellforge/Desktop/polygonmumbaiworking/polygon/try3333/node_modules/.bin:/usr/local/sbin:/usr/local/bin:/usr/sbin:/usr/bin:/sbin:/bin:/snap/bin
10 verbose lifecycle TokenPool@1.4.0~server: CWD: /home/dellforge/Desktop/polygonmumbaiworking/polygon/try3333
11 silly lifecycle TokenPool@1.4.0~server: Args: [ '-c', 'node index.js' ]
12 silly lifecycle TokenPool@1.4.0~server: Returned: code: 137  signal: null
13 info lifecycle TokenPool@1.4.0~server: Failed to exec server script
14 verbose stack Error: TokenPool@1.4.0 server: `node index.js`
14 verbose stack Exit status 137
14 verbose stack     at EventEmitter.<anonymous> (/usr/share/npm/lib/utils/lifecycle.js:232:16)
14 verbose stack     at emitTwo (events.js:126:13)
14 verbose stack     at EventEmitter.emit (events.js:214:7)
14 verbose stack     at ChildProcess.<anonymous> (/usr/share/npm/lib/utils/spawn.js:24:14)
14 verbose stack     at emitTwo (events.js:126:13)
14 verbose stack     at ChildProcess.emit (events.js:214:7)
14 verbose stack     at maybeClose (internal/child_process.js:925:16)
14 verbose stack     at Process.ChildProcess._handle.onexit (internal/child_process.js:209:5)
15 verbose pkgid TokenPool@1.4.0
16 verbose cwd /home/dellforge/Desktop/polygonmumbaiworking/polygon/try3333
17 error Linux 5.4.0-96-generic
18 error argv "/usr/bin/node" "/usr/bin/npm" "run" "server"
19 error node v8.10.0
20 error npm  v3.5.2
21 error code ELIFECYCLE
22 error TokenPool@1.4.0 server: `node index.js`
22 error Exit status 137
23 error Failed at the TokenPool@1.4.0 server script 'node index.js'.
23 error Make sure you have the latest version of node.js and npm installed.
23 error If you do, this is most likely a problem with the TokenPool package,
23 error not with npm itself.
23 error Tell the author that this fails on your system:
23 error     node index.js
23 error You can get information on how to open an issue for this project with:
23 error     npm bugs TokenPool
23 error Or if that isn't available, you can get their info via:
23 error     npm owner ls TokenPool
23 error There is likely additional logging output above.
24 verbose exit [ 1, true ]
